{"numTotalTestSuites":16,"numPassedTestSuites":0,"numFailedTestSuites":16,"numPendingTestSuites":0,"numTotalTests":57,"numPassedTests":11,"numFailedTests":46,"numPendingTests":0,"numTodoTests":0,"snapshot":{"added":0,"failure":false,"filesAdded":0,"filesRemoved":0,"filesRemovedList":[],"filesUnmatched":0,"filesUpdated":0,"matched":0,"total":0,"unchecked":0,"uncheckedKeysByFile":[],"unmatched":0,"updated":0,"didUpdate":false},"startTime":1752611146019,"success":false,"testResults":[{"assertionResults":[{"ancestorTitles":["Button"],"fullName":"Button renders correctly","status":"passed","title":"renders correctly","duration":78.51795799999991,"failureMessages":[],"meta":{}},{"ancestorTitles":["Button"],"fullName":"Button handles click events","status":"passed","title":"handles click events","duration":78.47950000000014,"failureMessages":[],"meta":{}},{"ancestorTitles":["Button"],"fullName":"Button shows loading state","status":"passed","title":"shows loading state","duration":78.46370899999988,"failureMessages":[],"meta":{}},{"ancestorTitles":["Button"],"fullName":"Button is disabled when disabled prop is true","status":"passed","title":"is disabled when disabled prop is true","duration":78.45495799999992,"failureMessages":[],"meta":{}},{"ancestorTitles":["Button"],"fullName":"Button renders with left icon","status":"passed","title":"renders with left icon","duration":78.44799999999998,"failureMessages":[],"meta":{}},{"ancestorTitles":["Button"],"fullName":"Button renders with right icon","status":"failed","title":"renders with right icon","duration":11.602208000000019,"failureMessages":["TestingLibraryElementError: Unable to find an element by: [data-testid=\"heart-icon\"]\n\nIgnored nodes: comments, script, style\n\u001b[36m<body\u001b[39m\n  \u001b[33mclass\u001b[39m=\u001b[32m\"\"\u001b[39m\n\u001b[36m/>\u001b[39m\n    at Object.getElementError (/Users/neo/Developer/experiments/claudia/frontend/node_modules/@testing-library/dom/dist/config.js:37:19)\n    at /Users/neo/Developer/experiments/claudia/frontend/node_modules/@testing-library/dom/dist/query-helpers.js:76:38\n    at /Users/neo/Developer/experiments/claudia/frontend/node_modules/@testing-library/dom/dist/query-helpers.js:52:17\n    at /Users/neo/Developer/experiments/claudia/frontend/node_modules/@testing-library/dom/dist/query-helpers.js:95:19\n    at /Users/neo/Developer/experiments/claudia/frontend/packages/ui-kit/tests/Button.test.tsx:67:17\n    at file:///Users/neo/Developer/experiments/claudia/frontend/node_modules/@vitest/runner/dist/index.js:146:14\n    at file:///Users/neo/Developer/experiments/claudia/frontend/node_modules/@vitest/runner/dist/index.js:533:11\n    at runWithTimeout (file:///Users/neo/Developer/experiments/claudia/frontend/node_modules/@vitest/runner/dist/index.js:39:7)\n    at runTest (file:///Users/neo/Developer/experiments/claudia/frontend/node_modules/@vitest/runner/dist/index.js:1056:17)\n    at processTicksAndRejections (node:internal/process/task_queues:105:5)"],"meta":{}},{"ancestorTitles":["Button"],"fullName":"Button applies correct variant classes","status":"failed","title":"applies correct variant classes","duration":11.599249999999984,"failureMessages":["TestingLibraryElementError: Unable to find an accessible element with the role \"button\" and name `/test variant/i`\n\nThere are no accessible roles. But there might be some inaccessible roles. If you wish to access them, then set the `hidden` option to `true`. Learn more about this here: https://testing-library.com/docs/dom-testing-library/api-queries#byrole\n\nIgnored nodes: comments, script, style\n\u001b[36m<body\u001b[39m\n  \u001b[33mclass\u001b[39m=\u001b[32m\"\"\u001b[39m\n\u001b[36m/>\u001b[39m\n    at Object.getElementError (/Users/neo/Developer/experiments/claudia/frontend/node_modules/@testing-library/dom/dist/config.js:37:19)\n    at /Users/neo/Developer/experiments/claudia/frontend/node_modules/@testing-library/dom/dist/query-helpers.js:76:38\n    at /Users/neo/Developer/experiments/claudia/frontend/node_modules/@testing-library/dom/dist/query-helpers.js:52:17\n    at /Users/neo/Developer/experiments/claudia/frontend/node_modules/@testing-library/dom/dist/query-helpers.js:95:19\n    at /Users/neo/Developer/experiments/claudia/frontend/packages/ui-kit/tests/Button.test.tsx:75:17\n    at file:///Users/neo/Developer/experiments/claudia/frontend/node_modules/@vitest/runner/dist/index.js:146:14\n    at file:///Users/neo/Developer/experiments/claudia/frontend/node_modules/@vitest/runner/dist/index.js:533:11\n    at runWithTimeout (file:///Users/neo/Developer/experiments/claudia/frontend/node_modules/@vitest/runner/dist/index.js:39:7)\n    at runTest (file:///Users/neo/Developer/experiments/claudia/frontend/node_modules/@vitest/runner/dist/index.js:1056:17)\n    at processTicksAndRejections (node:internal/process/task_queues:105:5)"],"meta":{}},{"ancestorTitles":["Button"],"fullName":"Button applies correct size classes","status":"failed","title":"applies correct size classes","duration":11.591792000000169,"failureMessages":["TestingLibraryElementError: Unable to find an accessible element with the role \"button\" and name `/test size/i`\n\nThere are no accessible roles. But there might be some inaccessible roles. If you wish to access them, then set the `hidden` option to `true`. Learn more about this here: https://testing-library.com/docs/dom-testing-library/api-queries#byrole\n\nIgnored nodes: comments, script, style\n\u001b[36m<body\u001b[39m\n  \u001b[33mclass\u001b[39m=\u001b[32m\"\"\u001b[39m\n\u001b[36m/>\u001b[39m\n    at Object.getElementError (/Users/neo/Developer/experiments/claudia/frontend/node_modules/@testing-library/dom/dist/config.js:37:19)\n    at /Users/neo/Developer/experiments/claudia/frontend/node_modules/@testing-library/dom/dist/query-helpers.js:76:38\n    at /Users/neo/Developer/experiments/claudia/frontend/node_modules/@testing-library/dom/dist/query-helpers.js:52:17\n    at /Users/neo/Developer/experiments/claudia/frontend/node_modules/@testing-library/dom/dist/query-helpers.js:95:19\n    at /Users/neo/Developer/experiments/claudia/frontend/packages/ui-kit/tests/Button.test.tsx:92:17\n    at file:///Users/neo/Developer/experiments/claudia/frontend/node_modules/@vitest/runner/dist/index.js:146:14\n    at file:///Users/neo/Developer/experiments/claudia/frontend/node_modules/@vitest/runner/dist/index.js:533:11\n    at runWithTimeout (file:///Users/neo/Developer/experiments/claudia/frontend/node_modules/@vitest/runner/dist/index.js:39:7)\n    at runTest (file:///Users/neo/Developer/experiments/claudia/frontend/node_modules/@vitest/runner/dist/index.js:1056:17)\n    at processTicksAndRejections (node:internal/process/task_queues:105:5)"],"meta":{}},{"ancestorTitles":["Button"],"fullName":"Button supports custom className","status":"failed","title":"supports custom className","duration":11.586250000000064,"failureMessages":["TestingLibraryElementError: Unable to find an accessible element with the role \"button\" and name `/test custom/i`\n\nThere are no accessible roles. But there might be some inaccessible roles. If you wish to access them, then set the `hidden` option to `true`. Learn more about this here: https://testing-library.com/docs/dom-testing-library/api-queries#byrole\n\nIgnored nodes: comments, script, style\n\u001b[36m<body\u001b[39m\n  \u001b[33mclass\u001b[39m=\u001b[32m\"\"\u001b[39m\n\u001b[36m/>\u001b[39m\n    at Object.getElementError (/Users/neo/Developer/experiments/claudia/frontend/node_modules/@testing-library/dom/dist/config.js:37:19)\n    at /Users/neo/Developer/experiments/claudia/frontend/node_modules/@testing-library/dom/dist/query-helpers.js:76:38\n    at /Users/neo/Developer/experiments/claudia/frontend/node_modules/@testing-library/dom/dist/query-helpers.js:52:17\n    at /Users/neo/Developer/experiments/claudia/frontend/node_modules/@testing-library/dom/dist/query-helpers.js:95:19\n    at /Users/neo/Developer/experiments/claudia/frontend/packages/ui-kit/tests/Button.test.tsx:106:17\n    at file:///Users/neo/Developer/experiments/claudia/frontend/node_modules/@vitest/runner/dist/index.js:146:14\n    at file:///Users/neo/Developer/experiments/claudia/frontend/node_modules/@vitest/runner/dist/index.js:533:11\n    at runWithTimeout (file:///Users/neo/Developer/experiments/claudia/frontend/node_modules/@vitest/runner/dist/index.js:39:7)\n    at runTest (file:///Users/neo/Developer/experiments/claudia/frontend/node_modules/@vitest/runner/dist/index.js:1056:17)\n    at processTicksAndRejections (node:internal/process/task_queues:105:5)"],"meta":{}},{"ancestorTitles":["Button"],"fullName":"Button forwards ref correctly","status":"passed","title":"forwards ref correctly","duration":11.58137499999998,"failureMessages":[],"meta":{}},{"ancestorTitles":["Button"],"fullName":"Button has proper accessibility attributes","status":"failed","title":"has proper accessibility attributes","duration":6.533416999999872,"failureMessages":["TestingLibraryElementError: Unable to find an accessible element with the role \"button\" and name `/custom label/i`\n\nThere are no accessible roles. But there might be some inaccessible roles. If you wish to access them, then set the `hidden` option to `true`. Learn more about this here: https://testing-library.com/docs/dom-testing-library/api-queries#byrole\n\nIgnored nodes: comments, script, style\n\u001b[36m<body\u001b[39m\n  \u001b[33mclass\u001b[39m=\u001b[32m\"\"\u001b[39m\n\u001b[36m/>\u001b[39m\n    at Object.getElementError (/Users/neo/Developer/experiments/claudia/frontend/node_modules/@testing-library/dom/dist/config.js:37:19)\n    at /Users/neo/Developer/experiments/claudia/frontend/node_modules/@testing-library/dom/dist/query-helpers.js:76:38\n    at /Users/neo/Developer/experiments/claudia/frontend/node_modules/@testing-library/dom/dist/query-helpers.js:52:17\n    at /Users/neo/Developer/experiments/claudia/frontend/node_modules/@testing-library/dom/dist/query-helpers.js:95:19\n    at /Users/neo/Developer/experiments/claudia/frontend/packages/ui-kit/tests/Button.test.tsx:120:11\n    at file:///Users/neo/Developer/experiments/claudia/frontend/node_modules/@vitest/runner/dist/index.js:146:14\n    at file:///Users/neo/Developer/experiments/claudia/frontend/node_modules/@vitest/runner/dist/index.js:533:11\n    at runWithTimeout (file:///Users/neo/Developer/experiments/claudia/frontend/node_modules/@vitest/runner/dist/index.js:39:7)\n    at runTest (file:///Users/neo/Developer/experiments/claudia/frontend/node_modules/@vitest/runner/dist/index.js:1056:17)\n    at processTicksAndRejections (node:internal/process/task_queues:105:5)"],"meta":{}},{"ancestorTitles":["Button"],"fullName":"Button prevents click when loading","status":"failed","title":"prevents click when loading","duration":6.513625000000047,"failureMessages":["TestingLibraryElementError: Unable to find an accessible element with the role \"button\" and name `/loading/i`\n\nThere are no accessible roles. But there might be some inaccessible roles. If you wish to access them, then set the `hidden` option to `true`. Learn more about this here: https://testing-library.com/docs/dom-testing-library/api-queries#byrole\n\nIgnored nodes: comments, script, style\n\u001b[36m<body\u001b[39m\n  \u001b[33mclass\u001b[39m=\u001b[32m\"\"\u001b[39m\n\u001b[36m/>\u001b[39m\n    at Object.getElementError (/Users/neo/Developer/experiments/claudia/frontend/node_modules/@testing-library/dom/dist/config.js:37:19)\n    at /Users/neo/Developer/experiments/claudia/frontend/node_modules/@testing-library/dom/dist/query-helpers.js:76:38\n    at /Users/neo/Developer/experiments/claudia/frontend/node_modules/@testing-library/dom/dist/query-helpers.js:52:17\n    at /Users/neo/Developer/experiments/claudia/frontend/node_modules/@testing-library/dom/dist/query-helpers.js:95:19\n    at /Users/neo/Developer/experiments/claudia/frontend/packages/ui-kit/tests/Button.test.tsx:132:26\n    at file:///Users/neo/Developer/experiments/claudia/frontend/node_modules/@vitest/runner/dist/index.js:146:14\n    at file:///Users/neo/Developer/experiments/claudia/frontend/node_modules/@vitest/runner/dist/index.js:533:11\n    at runWithTimeout (file:///Users/neo/Developer/experiments/claudia/frontend/node_modules/@vitest/runner/dist/index.js:39:7)\n    at runTest (file:///Users/neo/Developer/experiments/claudia/frontend/node_modules/@vitest/runner/dist/index.js:1056:17)\n    at processTicksAndRejections (node:internal/process/task_queues:105:5)"],"meta":{}},{"ancestorTitles":["Button","Variants"],"fullName":"Button Variants renders default variant correctly","status":"failed","title":"renders default variant correctly","duration":6.517042000000174,"failureMessages":["TestingLibraryElementError: Unable to find an accessible element with the role \"button\" and name `/default/i`\n\nThere are no accessible roles. But there might be some inaccessible roles. If you wish to access them, then set the `hidden` option to `true`. Learn more about this here: https://testing-library.com/docs/dom-testing-library/api-queries#byrole\n\nIgnored nodes: comments, script, style\n\u001b[36m<body\u001b[39m\n  \u001b[33mclass\u001b[39m=\u001b[32m\"\"\u001b[39m\n\u001b[36m/>\u001b[39m\n    at Object.getElementError (/Users/neo/Developer/experiments/claudia/frontend/node_modules/@testing-library/dom/dist/config.js:37:19)\n    at /Users/neo/Developer/experiments/claudia/frontend/node_modules/@testing-library/dom/dist/query-helpers.js:76:38\n    at /Users/neo/Developer/experiments/claudia/frontend/node_modules/@testing-library/dom/dist/query-helpers.js:52:17\n    at /Users/neo/Developer/experiments/claudia/frontend/node_modules/@testing-library/dom/dist/query-helpers.js:95:19\n    at /Users/neo/Developer/experiments/claudia/frontend/packages/ui-kit/tests/Button.test.tsx:139:26\n    at file:///Users/neo/Developer/experiments/claudia/frontend/node_modules/@vitest/runner/dist/index.js:146:14\n    at file:///Users/neo/Developer/experiments/claudia/frontend/node_modules/@vitest/runner/dist/index.js:533:11\n    at runWithTimeout (file:///Users/neo/Developer/experiments/claudia/frontend/node_modules/@vitest/runner/dist/index.js:39:7)\n    at runTest (file:///Users/neo/Developer/experiments/claudia/frontend/node_modules/@vitest/runner/dist/index.js:1056:17)\n    at processTicksAndRejections (node:internal/process/task_queues:105:5)"],"meta":{}},{"ancestorTitles":["Button","Variants"],"fullName":"Button Variants renders destructive variant correctly","status":"failed","title":"renders destructive variant correctly","duration":6.507667000000083,"failureMessages":["TestingLibraryElementError: Unable to find an accessible element with the role \"button\" and name `/destructive/i`\n\nThere are no accessible roles. But there might be some inaccessible roles. If you wish to access them, then set the `hidden` option to `true`. Learn more about this here: https://testing-library.com/docs/dom-testing-library/api-queries#byrole\n\nIgnored nodes: comments, script, style\n\u001b[36m<body\u001b[39m\n  \u001b[33mclass\u001b[39m=\u001b[32m\"\"\u001b[39m\n\u001b[36m/>\u001b[39m\n    at Object.getElementError (/Users/neo/Developer/experiments/claudia/frontend/node_modules/@testing-library/dom/dist/config.js:37:19)\n    at /Users/neo/Developer/experiments/claudia/frontend/node_modules/@testing-library/dom/dist/query-helpers.js:76:38\n    at /Users/neo/Developer/experiments/claudia/frontend/node_modules/@testing-library/dom/dist/query-helpers.js:52:17\n    at /Users/neo/Developer/experiments/claudia/frontend/node_modules/@testing-library/dom/dist/query-helpers.js:95:19\n    at /Users/neo/Developer/experiments/claudia/frontend/packages/ui-kit/tests/Button.test.tsx:145:26\n    at file:///Users/neo/Developer/experiments/claudia/frontend/node_modules/@vitest/runner/dist/index.js:146:14\n    at file:///Users/neo/Developer/experiments/claudia/frontend/node_modules/@vitest/runner/dist/index.js:533:11\n    at runWithTimeout (file:///Users/neo/Developer/experiments/claudia/frontend/node_modules/@vitest/runner/dist/index.js:39:7)\n    at runTest (file:///Users/neo/Developer/experiments/claudia/frontend/node_modules/@vitest/runner/dist/index.js:1056:17)\n    at processTicksAndRejections (node:internal/process/task_queues:105:5)"],"meta":{}},{"ancestorTitles":["Button","Variants"],"fullName":"Button Variants renders outline variant correctly","status":"failed","title":"renders outline variant correctly","duration":6.483625000000075,"failureMessages":["TestingLibraryElementError: Unable to find an accessible element with the role \"button\" and name `/outline/i`\n\nThere are no accessible roles. But there might be some inaccessible roles. If you wish to access them, then set the `hidden` option to `true`. Learn more about this here: https://testing-library.com/docs/dom-testing-library/api-queries#byrole\n\nIgnored nodes: comments, script, style\n\u001b[36m<body\u001b[39m\n  \u001b[33mclass\u001b[39m=\u001b[32m\"\"\u001b[39m\n\u001b[36m/>\u001b[39m\n    at Object.getElementError (/Users/neo/Developer/experiments/claudia/frontend/node_modules/@testing-library/dom/dist/config.js:37:19)\n    at /Users/neo/Developer/experiments/claudia/frontend/node_modules/@testing-library/dom/dist/query-helpers.js:76:38\n    at /Users/neo/Developer/experiments/claudia/frontend/node_modules/@testing-library/dom/dist/query-helpers.js:52:17\n    at /Users/neo/Developer/experiments/claudia/frontend/node_modules/@testing-library/dom/dist/query-helpers.js:95:19\n    at /Users/neo/Developer/experiments/claudia/frontend/packages/ui-kit/tests/Button.test.tsx:151:26\n    at file:///Users/neo/Developer/experiments/claudia/frontend/node_modules/@vitest/runner/dist/index.js:146:14\n    at file:///Users/neo/Developer/experiments/claudia/frontend/node_modules/@vitest/runner/dist/index.js:533:11\n    at runWithTimeout (file:///Users/neo/Developer/experiments/claudia/frontend/node_modules/@vitest/runner/dist/index.js:39:7)\n    at runTest (file:///Users/neo/Developer/experiments/claudia/frontend/node_modules/@vitest/runner/dist/index.js:1056:17)\n    at processTicksAndRejections (node:internal/process/task_queues:105:5)"],"meta":{}},{"ancestorTitles":["Button","Variants"],"fullName":"Button Variants renders secondary variant correctly","status":"failed","title":"renders secondary variant correctly","duration":5.336500000000115,"failureMessages":["TestingLibraryElementError: Unable to find an accessible element with the role \"button\" and name `/secondary/i`\n\nThere are no accessible roles. But there might be some inaccessible roles. If you wish to access them, then set the `hidden` option to `true`. Learn more about this here: https://testing-library.com/docs/dom-testing-library/api-queries#byrole\n\nIgnored nodes: comments, script, style\n\u001b[36m<body\u001b[39m\n  \u001b[33mclass\u001b[39m=\u001b[32m\"\"\u001b[39m\n\u001b[36m/>\u001b[39m\n    at Object.getElementError (/Users/neo/Developer/experiments/claudia/frontend/node_modules/@testing-library/dom/dist/config.js:37:19)\n    at /Users/neo/Developer/experiments/claudia/frontend/node_modules/@testing-library/dom/dist/query-helpers.js:76:38\n    at /Users/neo/Developer/experiments/claudia/frontend/node_modules/@testing-library/dom/dist/query-helpers.js:52:17\n    at /Users/neo/Developer/experiments/claudia/frontend/node_modules/@testing-library/dom/dist/query-helpers.js:95:19\n    at /Users/neo/Developer/experiments/claudia/frontend/packages/ui-kit/tests/Button.test.tsx:157:26\n    at file:///Users/neo/Developer/experiments/claudia/frontend/node_modules/@vitest/runner/dist/index.js:146:14\n    at file:///Users/neo/Developer/experiments/claudia/frontend/node_modules/@vitest/runner/dist/index.js:533:11\n    at runWithTimeout (file:///Users/neo/Developer/experiments/claudia/frontend/node_modules/@vitest/runner/dist/index.js:39:7)\n    at runTest (file:///Users/neo/Developer/experiments/claudia/frontend/node_modules/@vitest/runner/dist/index.js:1056:17)\n    at processTicksAndRejections (node:internal/process/task_queues:105:5)"],"meta":{}},{"ancestorTitles":["Button","Variants"],"fullName":"Button Variants renders ghost variant correctly","status":"failed","title":"renders ghost variant correctly","duration":5.320999999999913,"failureMessages":["TestingLibraryElementError: Unable to find an accessible element with the role \"button\" and name `/ghost/i`\n\nThere are no accessible roles. But there might be some inaccessible roles. If you wish to access them, then set the `hidden` option to `true`. Learn more about this here: https://testing-library.com/docs/dom-testing-library/api-queries#byrole\n\nIgnored nodes: comments, script, style\n\u001b[36m<body\u001b[39m\n  \u001b[33mclass\u001b[39m=\u001b[32m\"\"\u001b[39m\n\u001b[36m/>\u001b[39m\n    at Object.getElementError (/Users/neo/Developer/experiments/claudia/frontend/node_modules/@testing-library/dom/dist/config.js:37:19)\n    at /Users/neo/Developer/experiments/claudia/frontend/node_modules/@testing-library/dom/dist/query-helpers.js:76:38\n    at /Users/neo/Developer/experiments/claudia/frontend/node_modules/@testing-library/dom/dist/query-helpers.js:52:17\n    at /Users/neo/Developer/experiments/claudia/frontend/node_modules/@testing-library/dom/dist/query-helpers.js:95:19\n    at /Users/neo/Developer/experiments/claudia/frontend/packages/ui-kit/tests/Button.test.tsx:163:26\n    at file:///Users/neo/Developer/experiments/claudia/frontend/node_modules/@vitest/runner/dist/index.js:146:14\n    at file:///Users/neo/Developer/experiments/claudia/frontend/node_modules/@vitest/runner/dist/index.js:533:11\n    at runWithTimeout (file:///Users/neo/Developer/experiments/claudia/frontend/node_modules/@vitest/runner/dist/index.js:39:7)\n    at runTest (file:///Users/neo/Developer/experiments/claudia/frontend/node_modules/@vitest/runner/dist/index.js:1056:17)\n    at processTicksAndRejections (node:internal/process/task_queues:105:5)"],"meta":{}},{"ancestorTitles":["Button","Variants"],"fullName":"Button Variants renders link variant correctly","status":"failed","title":"renders link variant correctly","duration":5.295040999999856,"failureMessages":["TestingLibraryElementError: Unable to find an accessible element with the role \"button\" and name `/link/i`\n\nThere are no accessible roles. But there might be some inaccessible roles. If you wish to access them, then set the `hidden` option to `true`. Learn more about this here: https://testing-library.com/docs/dom-testing-library/api-queries#byrole\n\nIgnored nodes: comments, script, style\n\u001b[36m<body\u001b[39m\n  \u001b[33mclass\u001b[39m=\u001b[32m\"\"\u001b[39m\n\u001b[36m/>\u001b[39m\n    at Object.getElementError (/Users/neo/Developer/experiments/claudia/frontend/node_modules/@testing-library/dom/dist/config.js:37:19)\n    at /Users/neo/Developer/experiments/claudia/frontend/node_modules/@testing-library/dom/dist/query-helpers.js:76:38\n    at /Users/neo/Developer/experiments/claudia/frontend/node_modules/@testing-library/dom/dist/query-helpers.js:52:17\n    at /Users/neo/Developer/experiments/claudia/frontend/node_modules/@testing-library/dom/dist/query-helpers.js:95:19\n    at /Users/neo/Developer/experiments/claudia/frontend/packages/ui-kit/tests/Button.test.tsx:169:26\n    at file:///Users/neo/Developer/experiments/claudia/frontend/node_modules/@vitest/runner/dist/index.js:146:14\n    at file:///Users/neo/Developer/experiments/claudia/frontend/node_modules/@vitest/runner/dist/index.js:533:11\n    at runWithTimeout (file:///Users/neo/Developer/experiments/claudia/frontend/node_modules/@vitest/runner/dist/index.js:39:7)\n    at runTest (file:///Users/neo/Developer/experiments/claudia/frontend/node_modules/@vitest/runner/dist/index.js:1056:17)\n    at processTicksAndRejections (node:internal/process/task_queues:105:5)"],"meta":{}},{"ancestorTitles":["Button","Sizes"],"fullName":"Button Sizes renders default size correctly","status":"failed","title":"renders default size correctly","duration":5.290374999999813,"failureMessages":["TestingLibraryElementError: Unable to find an accessible element with the role \"button\" and name `/default size/i`\n\nThere are no accessible roles. But there might be some inaccessible roles. If you wish to access them, then set the `hidden` option to `true`. Learn more about this here: https://testing-library.com/docs/dom-testing-library/api-queries#byrole\n\nIgnored nodes: comments, script, style\n\u001b[36m<body\u001b[39m\n  \u001b[33mclass\u001b[39m=\u001b[32m\"\"\u001b[39m\n\u001b[36m/>\u001b[39m\n    at Object.getElementError (/Users/neo/Developer/experiments/claudia/frontend/node_modules/@testing-library/dom/dist/config.js:37:19)\n    at /Users/neo/Developer/experiments/claudia/frontend/node_modules/@testing-library/dom/dist/query-helpers.js:76:38\n    at /Users/neo/Developer/experiments/claudia/frontend/node_modules/@testing-library/dom/dist/query-helpers.js:52:17\n    at /Users/neo/Developer/experiments/claudia/frontend/node_modules/@testing-library/dom/dist/query-helpers.js:95:19\n    at /Users/neo/Developer/experiments/claudia/frontend/packages/ui-kit/tests/Button.test.tsx:177:26\n    at file:///Users/neo/Developer/experiments/claudia/frontend/node_modules/@vitest/runner/dist/index.js:146:14\n    at file:///Users/neo/Developer/experiments/claudia/frontend/node_modules/@vitest/runner/dist/index.js:533:11\n    at runWithTimeout (file:///Users/neo/Developer/experiments/claudia/frontend/node_modules/@vitest/runner/dist/index.js:39:7)\n    at runTest (file:///Users/neo/Developer/experiments/claudia/frontend/node_modules/@vitest/runner/dist/index.js:1056:17)\n    at processTicksAndRejections (node:internal/process/task_queues:105:5)"],"meta":{}},{"ancestorTitles":["Button","Sizes"],"fullName":"Button Sizes renders small size correctly","status":"failed","title":"renders small size correctly","duration":5.269457999999986,"failureMessages":["TestingLibraryElementError: Unable to find an accessible element with the role \"button\" and name `/small/i`\n\nThere are no accessible roles. But there might be some inaccessible roles. If you wish to access them, then set the `hidden` option to `true`. Learn more about this here: https://testing-library.com/docs/dom-testing-library/api-queries#byrole\n\nIgnored nodes: comments, script, style\n\u001b[36m<body\u001b[39m\n  \u001b[33mclass\u001b[39m=\u001b[32m\"\"\u001b[39m\n\u001b[36m/>\u001b[39m\n    at Object.getElementError (/Users/neo/Developer/experiments/claudia/frontend/node_modules/@testing-library/dom/dist/config.js:37:19)\n    at /Users/neo/Developer/experiments/claudia/frontend/node_modules/@testing-library/dom/dist/query-helpers.js:76:38\n    at /Users/neo/Developer/experiments/claudia/frontend/node_modules/@testing-library/dom/dist/query-helpers.js:52:17\n    at /Users/neo/Developer/experiments/claudia/frontend/node_modules/@testing-library/dom/dist/query-helpers.js:95:19\n    at /Users/neo/Developer/experiments/claudia/frontend/packages/ui-kit/tests/Button.test.tsx:183:26\n    at file:///Users/neo/Developer/experiments/claudia/frontend/node_modules/@vitest/runner/dist/index.js:146:14\n    at file:///Users/neo/Developer/experiments/claudia/frontend/node_modules/@vitest/runner/dist/index.js:533:11\n    at runWithTimeout (file:///Users/neo/Developer/experiments/claudia/frontend/node_modules/@vitest/runner/dist/index.js:39:7)\n    at runTest (file:///Users/neo/Developer/experiments/claudia/frontend/node_modules/@vitest/runner/dist/index.js:1056:17)\n    at processTicksAndRejections (node:internal/process/task_queues:105:5)"],"meta":{}},{"ancestorTitles":["Button","Sizes"],"fullName":"Button Sizes renders large size correctly","status":"failed","title":"renders large size correctly","duration":10.88041700000008,"failureMessages":["TestingLibraryElementError: Unable to find an accessible element with the role \"button\" and name `/large/i`\n\nThere are no accessible roles. But there might be some inaccessible roles. If you wish to access them, then set the `hidden` option to `true`. Learn more about this here: https://testing-library.com/docs/dom-testing-library/api-queries#byrole\n\nIgnored nodes: comments, script, style\n\u001b[36m<body\u001b[39m\n  \u001b[33mclass\u001b[39m=\u001b[32m\"\"\u001b[39m\n\u001b[36m/>\u001b[39m\n    at Object.getElementError (/Users/neo/Developer/experiments/claudia/frontend/node_modules/@testing-library/dom/dist/config.js:37:19)\n    at /Users/neo/Developer/experiments/claudia/frontend/node_modules/@testing-library/dom/dist/query-helpers.js:76:38\n    at /Users/neo/Developer/experiments/claudia/frontend/node_modules/@testing-library/dom/dist/query-helpers.js:52:17\n    at /Users/neo/Developer/experiments/claudia/frontend/node_modules/@testing-library/dom/dist/query-helpers.js:95:19\n    at /Users/neo/Developer/experiments/claudia/frontend/packages/ui-kit/tests/Button.test.tsx:189:26\n    at file:///Users/neo/Developer/experiments/claudia/frontend/node_modules/@vitest/runner/dist/index.js:146:14\n    at file:///Users/neo/Developer/experiments/claudia/frontend/node_modules/@vitest/runner/dist/index.js:533:11\n    at runWithTimeout (file:///Users/neo/Developer/experiments/claudia/frontend/node_modules/@vitest/runner/dist/index.js:39:7)\n    at runTest (file:///Users/neo/Developer/experiments/claudia/frontend/node_modules/@vitest/runner/dist/index.js:1056:17)\n    at processTicksAndRejections (node:internal/process/task_queues:105:5)"],"meta":{}},{"ancestorTitles":["Button","Sizes"],"fullName":"Button Sizes renders icon size correctly","status":"failed","title":"renders icon size correctly","duration":10.872208,"failureMessages":["TestingLibraryElementError: Unable to find an accessible element with the role \"button\" and name `/icon button/i`\n\nThere are no accessible roles. But there might be some inaccessible roles. If you wish to access them, then set the `hidden` option to `true`. Learn more about this here: https://testing-library.com/docs/dom-testing-library/api-queries#byrole\n\nIgnored nodes: comments, script, style\n\u001b[36m<body\u001b[39m\n  \u001b[33mclass\u001b[39m=\u001b[32m\"\"\u001b[39m\n\u001b[36m/>\u001b[39m\n    at Object.getElementError (/Users/neo/Developer/experiments/claudia/frontend/node_modules/@testing-library/dom/dist/config.js:37:19)\n    at /Users/neo/Developer/experiments/claudia/frontend/node_modules/@testing-library/dom/dist/query-helpers.js:76:38\n    at /Users/neo/Developer/experiments/claudia/frontend/node_modules/@testing-library/dom/dist/query-helpers.js:52:17\n    at /Users/neo/Developer/experiments/claudia/frontend/node_modules/@testing-library/dom/dist/query-helpers.js:95:19\n    at /Users/neo/Developer/experiments/claudia/frontend/packages/ui-kit/tests/Button.test.tsx:195:26\n    at file:///Users/neo/Developer/experiments/claudia/frontend/node_modules/@vitest/runner/dist/index.js:146:14\n    at file:///Users/neo/Developer/experiments/claudia/frontend/node_modules/@vitest/runner/dist/index.js:533:11\n    at runWithTimeout (file:///Users/neo/Developer/experiments/claudia/frontend/node_modules/@vitest/runner/dist/index.js:39:7)\n    at runTest (file:///Users/neo/Developer/experiments/claudia/frontend/node_modules/@vitest/runner/dist/index.js:1056:17)\n    at processTicksAndRejections (node:internal/process/task_queues:105:5)"],"meta":{}},{"ancestorTitles":["Button","Loading State"],"fullName":"Button Loading State displays loading spinner when loading","status":"failed","title":"displays loading spinner when loading","duration":10.851499999999987,"failureMessages":["TestingLibraryElementError: Unable to find an accessible element with the role \"button\" and name `/loading button/i`\n\nThere are no accessible roles. But there might be some inaccessible roles. If you wish to access them, then set the `hidden` option to `true`. Learn more about this here: https://testing-library.com/docs/dom-testing-library/api-queries#byrole\n\nIgnored nodes: comments, script, style\n\u001b[36m<body\u001b[39m\n  \u001b[33mclass\u001b[39m=\u001b[32m\"\"\u001b[39m\n\u001b[36m/>\u001b[39m\n    at Object.getElementError (/Users/neo/Developer/experiments/claudia/frontend/node_modules/@testing-library/dom/dist/config.js:37:19)\n    at /Users/neo/Developer/experiments/claudia/frontend/node_modules/@testing-library/dom/dist/query-helpers.js:76:38\n    at /Users/neo/Developer/experiments/claudia/frontend/node_modules/@testing-library/dom/dist/query-helpers.js:52:17\n    at /Users/neo/Developer/experiments/claudia/frontend/node_modules/@testing-library/dom/dist/query-helpers.js:95:19\n    at /Users/neo/Developer/experiments/claudia/frontend/packages/ui-kit/tests/Button.test.tsx:203:26\n    at file:///Users/neo/Developer/experiments/claudia/frontend/node_modules/@vitest/runner/dist/index.js:146:14\n    at file:///Users/neo/Developer/experiments/claudia/frontend/node_modules/@vitest/runner/dist/index.js:533:11\n    at runWithTimeout (file:///Users/neo/Developer/experiments/claudia/frontend/node_modules/@vitest/runner/dist/index.js:39:7)\n    at runTest (file:///Users/neo/Developer/experiments/claudia/frontend/node_modules/@vitest/runner/dist/index.js:1056:17)\n    at processTicksAndRejections (node:internal/process/task_queues:105:5)"],"meta":{}},{"ancestorTitles":["Button","Loading State"],"fullName":"Button Loading State hides left icon when loading","status":"passed","title":"hides left icon when loading","duration":10.844041000000061,"failureMessages":[],"meta":{}},{"ancestorTitles":["Button","Loading State"],"fullName":"Button Loading State hides right icon when loading","status":"passed","title":"hides right icon when loading","duration":10.82987500000013,"failureMessages":[],"meta":{}},{"ancestorTitles":["Button","Loading State"],"fullName":"Button Loading State maintains aria-busy state during loading","status":"failed","title":"maintains aria-busy state during loading","duration":7.673667000000023,"failureMessages":["TestingLibraryElementError: Unable to find an accessible element with the role \"button\" and name `/loading/i`\n\nThere are no accessible roles. But there might be some inaccessible roles. If you wish to access them, then set the `hidden` option to `true`. Learn more about this here: https://testing-library.com/docs/dom-testing-library/api-queries#byrole\n\nIgnored nodes: comments, script, style\n\u001b[36m<body\u001b[39m\n  \u001b[33mclass\u001b[39m=\u001b[32m\"\"\u001b[39m\n\u001b[36m/>\u001b[39m\n    at Object.getElementError (/Users/neo/Developer/experiments/claudia/frontend/node_modules/@testing-library/dom/dist/config.js:37:19)\n    at /Users/neo/Developer/experiments/claudia/frontend/node_modules/@testing-library/dom/dist/query-helpers.js:76:38\n    at /Users/neo/Developer/experiments/claudia/frontend/node_modules/@testing-library/dom/dist/query-helpers.js:52:17\n    at /Users/neo/Developer/experiments/claudia/frontend/node_modules/@testing-library/dom/dist/query-helpers.js:95:19\n    at /Users/neo/Developer/experiments/claudia/frontend/packages/ui-kit/tests/Button.test.tsx:229:26\n    at file:///Users/neo/Developer/experiments/claudia/frontend/node_modules/@vitest/runner/dist/index.js:146:14\n    at file:///Users/neo/Developer/experiments/claudia/frontend/node_modules/@vitest/runner/dist/index.js:533:11\n    at runWithTimeout (file:///Users/neo/Developer/experiments/claudia/frontend/node_modules/@vitest/runner/dist/index.js:39:7)\n    at runTest (file:///Users/neo/Developer/experiments/claudia/frontend/node_modules/@vitest/runner/dist/index.js:1056:17)\n    at processTicksAndRejections (node:internal/process/task_queues:105:5)"],"meta":{}},{"ancestorTitles":["Button","Loading State"],"fullName":"Button Loading State removes aria-busy when not loading","status":"failed","title":"removes aria-busy when not loading","duration":7.651542000000063,"failureMessages":["TestingLibraryElementError: Unable to find an accessible element with the role \"button\" and name `/not loading/i`\n\nThere are no accessible roles. But there might be some inaccessible roles. If you wish to access them, then set the `hidden` option to `true`. Learn more about this here: https://testing-library.com/docs/dom-testing-library/api-queries#byrole\n\nIgnored nodes: comments, script, style\n\u001b[36m<body\u001b[39m\n  \u001b[33mclass\u001b[39m=\u001b[32m\"\"\u001b[39m\n\u001b[36m/>\u001b[39m\n    at Object.getElementError (/Users/neo/Developer/experiments/claudia/frontend/node_modules/@testing-library/dom/dist/config.js:37:19)\n    at /Users/neo/Developer/experiments/claudia/frontend/node_modules/@testing-library/dom/dist/query-helpers.js:76:38\n    at /Users/neo/Developer/experiments/claudia/frontend/node_modules/@testing-library/dom/dist/query-helpers.js:52:17\n    at /Users/neo/Developer/experiments/claudia/frontend/node_modules/@testing-library/dom/dist/query-helpers.js:95:19\n    at /Users/neo/Developer/experiments/claudia/frontend/packages/ui-kit/tests/Button.test.tsx:235:26\n    at file:///Users/neo/Developer/experiments/claudia/frontend/node_modules/@vitest/runner/dist/index.js:146:14\n    at file:///Users/neo/Developer/experiments/claudia/frontend/node_modules/@vitest/runner/dist/index.js:533:11\n    at runWithTimeout (file:///Users/neo/Developer/experiments/claudia/frontend/node_modules/@vitest/runner/dist/index.js:39:7)\n    at runTest (file:///Users/neo/Developer/experiments/claudia/frontend/node_modules/@vitest/runner/dist/index.js:1056:17)\n    at processTicksAndRejections (node:internal/process/task_queues:105:5)"],"meta":{}},{"ancestorTitles":["Button","Disabled State"],"fullName":"Button Disabled State prevents interaction when disabled","status":"failed","title":"prevents interaction when disabled","duration":7.631040999999868,"failureMessages":["TestingLibraryElementError: Unable to find an accessible element with the role \"button\" and name `/disabled/i`\n\nThere are no accessible roles. But there might be some inaccessible roles. If you wish to access them, then set the `hidden` option to `true`. Learn more about this here: https://testing-library.com/docs/dom-testing-library/api-queries#byrole\n\nIgnored nodes: comments, script, style\n\u001b[36m<body\u001b[39m\n  \u001b[33mclass\u001b[39m=\u001b[32m\"\"\u001b[39m\n\u001b[36m/>\u001b[39m\n    at Object.getElementError (/Users/neo/Developer/experiments/claudia/frontend/node_modules/@testing-library/dom/dist/config.js:37:19)\n    at /Users/neo/Developer/experiments/claudia/frontend/node_modules/@testing-library/dom/dist/query-helpers.js:76:38\n    at /Users/neo/Developer/experiments/claudia/frontend/node_modules/@testing-library/dom/dist/query-helpers.js:52:17\n    at /Users/neo/Developer/experiments/claudia/frontend/node_modules/@testing-library/dom/dist/query-helpers.js:95:19\n    at /Users/neo/Developer/experiments/claudia/frontend/packages/ui-kit/tests/Button.test.tsx:250:26\n    at file:///Users/neo/Developer/experiments/claudia/frontend/node_modules/@vitest/runner/dist/index.js:146:14\n    at file:///Users/neo/Developer/experiments/claudia/frontend/node_modules/@vitest/runner/dist/index.js:533:11\n    at runWithTimeout (file:///Users/neo/Developer/experiments/claudia/frontend/node_modules/@vitest/runner/dist/index.js:39:7)\n    at runTest (file:///Users/neo/Developer/experiments/claudia/frontend/node_modules/@vitest/runner/dist/index.js:1056:17)\n    at processTicksAndRejections (node:internal/process/task_queues:105:5)"],"meta":{}},{"ancestorTitles":["Button","Disabled State"],"fullName":"Button Disabled State is disabled when loading","status":"failed","title":"is disabled when loading","duration":7.5947909999999865,"failureMessages":["TestingLibraryElementError: Unable to find an accessible element with the role \"button\" and name `/loading/i`\n\nThere are no accessible roles. But there might be some inaccessible roles. If you wish to access them, then set the `hidden` option to `true`. Learn more about this here: https://testing-library.com/docs/dom-testing-library/api-queries#byrole\n\nIgnored nodes: comments, script, style\n\u001b[36m<body\u001b[39m\n  \u001b[33mclass\u001b[39m=\u001b[32m\"\"\u001b[39m\n\u001b[36m/>\u001b[39m\n    at Object.getElementError (/Users/neo/Developer/experiments/claudia/frontend/node_modules/@testing-library/dom/dist/config.js:37:19)\n    at /Users/neo/Developer/experiments/claudia/frontend/node_modules/@testing-library/dom/dist/query-helpers.js:76:38\n    at /Users/neo/Developer/experiments/claudia/frontend/node_modules/@testing-library/dom/dist/query-helpers.js:52:17\n    at /Users/neo/Developer/experiments/claudia/frontend/node_modules/@testing-library/dom/dist/query-helpers.js:95:19\n    at /Users/neo/Developer/experiments/claudia/frontend/packages/ui-kit/tests/Button.test.tsx:260:26\n    at file:///Users/neo/Developer/experiments/claudia/frontend/node_modules/@vitest/runner/dist/index.js:146:14\n    at file:///Users/neo/Developer/experiments/claudia/frontend/node_modules/@vitest/runner/dist/index.js:533:11\n    at runWithTimeout (file:///Users/neo/Developer/experiments/claudia/frontend/node_modules/@vitest/runner/dist/index.js:39:7)\n    at runTest (file:///Users/neo/Developer/experiments/claudia/frontend/node_modules/@vitest/runner/dist/index.js:1056:17)\n    at processTicksAndRejections (node:internal/process/task_queues:105:5)"],"meta":{}},{"ancestorTitles":["Button","Disabled State"],"fullName":"Button Disabled State can be disabled and loading simultaneously","status":"failed","title":"can be disabled and loading simultaneously","duration":5.933624999999893,"failureMessages":["TestingLibraryElementError: Unable to find an accessible element with the role \"button\" and name `/both/i`\n\nThere are no accessible roles. But there might be some inaccessible roles. If you wish to access them, then set the `hidden` option to `true`. Learn more about this here: https://testing-library.com/docs/dom-testing-library/api-queries#byrole\n\nIgnored nodes: comments, script, style\n\u001b[36m<body\u001b[39m\n  \u001b[33mclass\u001b[39m=\u001b[32m\"\"\u001b[39m\n\u001b[36m/>\u001b[39m\n    at Object.getElementError (/Users/neo/Developer/experiments/claudia/frontend/node_modules/@testing-library/dom/dist/config.js:37:19)\n    at /Users/neo/Developer/experiments/claudia/frontend/node_modules/@testing-library/dom/dist/query-helpers.js:76:38\n    at /Users/neo/Developer/experiments/claudia/frontend/node_modules/@testing-library/dom/dist/query-helpers.js:52:17\n    at /Users/neo/Developer/experiments/claudia/frontend/node_modules/@testing-library/dom/dist/query-helpers.js:95:19\n    at /Users/neo/Developer/experiments/claudia/frontend/packages/ui-kit/tests/Button.test.tsx:266:26\n    at file:///Users/neo/Developer/experiments/claudia/frontend/node_modules/@vitest/runner/dist/index.js:146:14\n    at file:///Users/neo/Developer/experiments/claudia/frontend/node_modules/@vitest/runner/dist/index.js:533:11\n    at runWithTimeout (file:///Users/neo/Developer/experiments/claudia/frontend/node_modules/@vitest/runner/dist/index.js:39:7)\n    at runTest (file:///Users/neo/Developer/experiments/claudia/frontend/node_modules/@vitest/runner/dist/index.js:1056:17)\n    at processTicksAndRejections (node:internal/process/task_queues:105:5)"],"meta":{}},{"ancestorTitles":["Button","Icon Integration"],"fullName":"Button Icon Integration renders left icon with proper spacing","status":"failed","title":"renders left icon with proper spacing","duration":12.214457999999922,"failureMessages":["TestingLibraryElementError: Unable to find an element by: [data-testid=\"heart-icon\"]\n\nIgnored nodes: comments, script, style\n\u001b[36m<body\u001b[39m\n  \u001b[33mclass\u001b[39m=\u001b[32m\"\"\u001b[39m\n\u001b[36m/>\u001b[39m\n    at Object.getElementError (/Users/neo/Developer/experiments/claudia/frontend/node_modules/@testing-library/dom/dist/config.js:37:19)\n    at /Users/neo/Developer/experiments/claudia/frontend/node_modules/@testing-library/dom/dist/query-helpers.js:76:38\n    at /Users/neo/Developer/experiments/claudia/frontend/node_modules/@testing-library/dom/dist/query-helpers.js:52:17\n    at /Users/neo/Developer/experiments/claudia/frontend/node_modules/@testing-library/dom/dist/query-helpers.js:95:19\n    at /Users/neo/Developer/experiments/claudia/frontend/packages/ui-kit/tests/Button.test.tsx:279:24\n    at file:///Users/neo/Developer/experiments/claudia/frontend/node_modules/@vitest/runner/dist/index.js:146:14\n    at file:///Users/neo/Developer/experiments/claudia/frontend/node_modules/@vitest/runner/dist/index.js:533:11\n    at runWithTimeout (file:///Users/neo/Developer/experiments/claudia/frontend/node_modules/@vitest/runner/dist/index.js:39:7)\n    at runTest (file:///Users/neo/Developer/experiments/claudia/frontend/node_modules/@vitest/runner/dist/index.js:1056:17)\n    at processTicksAndRejections (node:internal/process/task_queues:105:5)"],"meta":{}},{"ancestorTitles":["Button","Icon Integration"],"fullName":"Button Icon Integration renders right icon with proper spacing","status":"failed","title":"renders right icon with proper spacing","duration":12.203792000000021,"failureMessages":["TestingLibraryElementError: Unable to find an element by: [data-testid=\"arrow-icon\"]\n\nIgnored nodes: comments, script, style\n\u001b[36m<body\u001b[39m\n  \u001b[33mclass\u001b[39m=\u001b[32m\"\"\u001b[39m\n\u001b[36m/>\u001b[39m\n    at Object.getElementError (/Users/neo/Developer/experiments/claudia/frontend/node_modules/@testing-library/dom/dist/config.js:37:19)\n    at /Users/neo/Developer/experiments/claudia/frontend/node_modules/@testing-library/dom/dist/query-helpers.js:76:38\n    at /Users/neo/Developer/experiments/claudia/frontend/node_modules/@testing-library/dom/dist/query-helpers.js:52:17\n    at /Users/neo/Developer/experiments/claudia/frontend/node_modules/@testing-library/dom/dist/query-helpers.js:95:19\n    at /Users/neo/Developer/experiments/claudia/frontend/packages/ui-kit/tests/Button.test.tsx:291:24\n    at file:///Users/neo/Developer/experiments/claudia/frontend/node_modules/@vitest/runner/dist/index.js:146:14\n    at file:///Users/neo/Developer/experiments/claudia/frontend/node_modules/@vitest/runner/dist/index.js:533:11\n    at runWithTimeout (file:///Users/neo/Developer/experiments/claudia/frontend/node_modules/@vitest/runner/dist/index.js:39:7)\n    at runTest (file:///Users/neo/Developer/experiments/claudia/frontend/node_modules/@vitest/runner/dist/index.js:1056:17)\n    at processTicksAndRejections (node:internal/process/task_queues:105:5)"],"meta":{}},{"ancestorTitles":["Button","Icon Integration"],"fullName":"Button Icon Integration renders both left and right icons","status":"failed","title":"renders both left and right icons","duration":12.178291999999828,"failureMessages":["TestingLibraryElementError: Unable to find an element by: [data-testid=\"heart-icon\"]\n\nIgnored nodes: comments, script, style\n\u001b[36m<body\u001b[39m\n  \u001b[33mclass\u001b[39m=\u001b[32m\"\"\u001b[39m\n\u001b[36m/>\u001b[39m\n    at Object.getElementError (/Users/neo/Developer/experiments/claudia/frontend/node_modules/@testing-library/dom/dist/config.js:37:19)\n    at /Users/neo/Developer/experiments/claudia/frontend/node_modules/@testing-library/dom/dist/query-helpers.js:76:38\n    at /Users/neo/Developer/experiments/claudia/frontend/node_modules/@testing-library/dom/dist/query-helpers.js:52:17\n    at /Users/neo/Developer/experiments/claudia/frontend/node_modules/@testing-library/dom/dist/query-helpers.js:95:19\n    at /Users/neo/Developer/experiments/claudia/frontend/packages/ui-kit/tests/Button.test.tsx:306:18\n    at file:///Users/neo/Developer/experiments/claudia/frontend/node_modules/@vitest/runner/dist/index.js:146:14\n    at file:///Users/neo/Developer/experiments/claudia/frontend/node_modules/@vitest/runner/dist/index.js:533:11\n    at runWithTimeout (file:///Users/neo/Developer/experiments/claudia/frontend/node_modules/@vitest/runner/dist/index.js:39:7)\n    at runTest (file:///Users/neo/Developer/experiments/claudia/frontend/node_modules/@vitest/runner/dist/index.js:1056:17)\n    at processTicksAndRejections (node:internal/process/task_queues:105:5)"],"meta":{}},{"ancestorTitles":["Button","Icon Integration"],"fullName":"Button Icon Integration icon-only button with proper size","status":"failed","title":"icon-only button with proper size","duration":12.172583000000031,"failureMessages":["TestingLibraryElementError: Unable to find an accessible element with the role \"button\" and name `/close/i`\n\nThere are no accessible roles. But there might be some inaccessible roles. If you wish to access them, then set the `hidden` option to `true`. Learn more about this here: https://testing-library.com/docs/dom-testing-library/api-queries#byrole\n\nIgnored nodes: comments, script, style\n\u001b[36m<body\u001b[39m\n  \u001b[33mclass\u001b[39m=\u001b[32m\"\"\u001b[39m\n\u001b[36m/>\u001b[39m\n    at Object.getElementError (/Users/neo/Developer/experiments/claudia/frontend/node_modules/@testing-library/dom/dist/config.js:37:19)\n    at /Users/neo/Developer/experiments/claudia/frontend/node_modules/@testing-library/dom/dist/query-helpers.js:76:38\n    at /Users/neo/Developer/experiments/claudia/frontend/node_modules/@testing-library/dom/dist/query-helpers.js:52:17\n    at /Users/neo/Developer/experiments/claudia/frontend/node_modules/@testing-library/dom/dist/query-helpers.js:95:19\n    at /Users/neo/Developer/experiments/claudia/frontend/packages/ui-kit/tests/Button.test.tsx:316:26\n    at file:///Users/neo/Developer/experiments/claudia/frontend/node_modules/@vitest/runner/dist/index.js:146:14\n    at file:///Users/neo/Developer/experiments/claudia/frontend/node_modules/@vitest/runner/dist/index.js:533:11\n    at runWithTimeout (file:///Users/neo/Developer/experiments/claudia/frontend/node_modules/@vitest/runner/dist/index.js:39:7)\n    at runTest (file:///Users/neo/Developer/experiments/claudia/frontend/node_modules/@vitest/runner/dist/index.js:1056:17)\n    at processTicksAndRejections (node:internal/process/task_queues:105:5)"],"meta":{}},{"ancestorTitles":["Button","AsChild Prop"],"fullName":"Button AsChild Prop renders as child element when asChild is true","status":"failed","title":"renders as child element when asChild is true","duration":10.288125000000036,"failureMessages":["Error: React.Children.only expected to receive a single React element child.\n    at Object.only (/Users/neo/Developer/experiments/claudia/frontend/node_modules/react/cjs/react.development.js:766:17)\n    at Slot.SlotClone (file:///Users/neo/Developer/experiments/claudia/frontend/node_modules/@radix-ui/react-slot/src/slot.tsx:80:64)\n    at Object.react-stack-bottom-frame (/Users/neo/Developer/experiments/claudia/frontend/node_modules/react-dom/cjs/react-dom-client.development.js:23863:20)\n    at renderWithHooks (/Users/neo/Developer/experiments/claudia/frontend/node_modules/react-dom/cjs/react-dom-client.development.js:5529:22)\n    at updateForwardRef (/Users/neo/Developer/experiments/claudia/frontend/node_modules/react-dom/cjs/react-dom-client.development.js:8645:19)\n    at beginWork (/Users/neo/Developer/experiments/claudia/frontend/node_modules/react-dom/cjs/react-dom-client.development.js:10861:18)\n    at runWithFiberInDEV (/Users/neo/Developer/experiments/claudia/frontend/node_modules/react-dom/cjs/react-dom-client.development.js:1522:13)\n    at performUnitOfWork (/Users/neo/Developer/experiments/claudia/frontend/node_modules/react-dom/cjs/react-dom-client.development.js:15140:22)\n    at workLoopSync (/Users/neo/Developer/experiments/claudia/frontend/node_modules/react-dom/cjs/react-dom-client.development.js:14956:41)\n    at renderRootSync (/Users/neo/Developer/experiments/claudia/frontend/node_modules/react-dom/cjs/react-dom-client.development.js:14936:11)"],"meta":{}},{"ancestorTitles":["Button","AsChild Prop"],"fullName":"Button AsChild Prop maintains styling when used as child","status":"failed","title":"maintains styling when used as child","duration":5.827583000000004,"failureMessages":["Error: React.Children.only expected to receive a single React element child.\n    at Object.only (/Users/neo/Developer/experiments/claudia/frontend/node_modules/react/cjs/react.development.js:766:17)\n    at Slot.SlotClone (file:///Users/neo/Developer/experiments/claudia/frontend/node_modules/@radix-ui/react-slot/src/slot.tsx:80:64)\n    at Object.react-stack-bottom-frame (/Users/neo/Developer/experiments/claudia/frontend/node_modules/react-dom/cjs/react-dom-client.development.js:23863:20)\n    at renderWithHooks (/Users/neo/Developer/experiments/claudia/frontend/node_modules/react-dom/cjs/react-dom-client.development.js:5529:22)\n    at updateForwardRef (/Users/neo/Developer/experiments/claudia/frontend/node_modules/react-dom/cjs/react-dom-client.development.js:8645:19)\n    at beginWork (/Users/neo/Developer/experiments/claudia/frontend/node_modules/react-dom/cjs/react-dom-client.development.js:10861:18)\n    at runWithFiberInDEV (/Users/neo/Developer/experiments/claudia/frontend/node_modules/react-dom/cjs/react-dom-client.development.js:1522:13)\n    at performUnitOfWork (/Users/neo/Developer/experiments/claudia/frontend/node_modules/react-dom/cjs/react-dom-client.development.js:15140:22)\n    at workLoopSync (/Users/neo/Developer/experiments/claudia/frontend/node_modules/react-dom/cjs/react-dom-client.development.js:14956:41)\n    at renderRootSync (/Users/neo/Developer/experiments/claudia/frontend/node_modules/react-dom/cjs/react-dom-client.development.js:14936:11)"],"meta":{}},{"ancestorTitles":["Button","Custom Styling"],"fullName":"Button Custom Styling merges custom className with default styles","status":"failed","title":"merges custom className with default styles","duration":5.813583000000108,"failureMessages":["TestingLibraryElementError: Unable to find an accessible element with the role \"button\" and name `/custom/i`\n\nThere are no accessible roles. But there might be some inaccessible roles. If you wish to access them, then set the `hidden` option to `true`. Learn more about this here: https://testing-library.com/docs/dom-testing-library/api-queries#byrole\n\nIgnored nodes: comments, script, style\n\u001b[36m<body\u001b[39m\n  \u001b[33mclass\u001b[39m=\u001b[32m\"\"\u001b[39m\n\u001b[36m/>\u001b[39m\n    at Object.getElementError (/Users/neo/Developer/experiments/claudia/frontend/node_modules/@testing-library/dom/dist/config.js:37:19)\n    at /Users/neo/Developer/experiments/claudia/frontend/node_modules/@testing-library/dom/dist/query-helpers.js:76:38\n    at /Users/neo/Developer/experiments/claudia/frontend/node_modules/@testing-library/dom/dist/query-helpers.js:52:17\n    at /Users/neo/Developer/experiments/claudia/frontend/node_modules/@testing-library/dom/dist/query-helpers.js:95:19\n    at /Users/neo/Developer/experiments/claudia/frontend/packages/ui-kit/tests/Button.test.tsx:356:26\n    at file:///Users/neo/Developer/experiments/claudia/frontend/node_modules/@vitest/runner/dist/index.js:146:14\n    at file:///Users/neo/Developer/experiments/claudia/frontend/node_modules/@vitest/runner/dist/index.js:533:11\n    at runWithTimeout (file:///Users/neo/Developer/experiments/claudia/frontend/node_modules/@vitest/runner/dist/index.js:39:7)\n    at runTest (file:///Users/neo/Developer/experiments/claudia/frontend/node_modules/@vitest/runner/dist/index.js:1056:17)\n    at processTicksAndRejections (node:internal/process/task_queues:105:5)"],"meta":{}},{"ancestorTitles":["Button","Custom Styling"],"fullName":"Button Custom Styling applies data attributes correctly","status":"failed","title":"applies data attributes correctly","duration":5.795542000000069,"failureMessages":["TestingLibraryElementError: Unable to find an accessible element with the role \"button\" and name `/data attributes/i`\n\nThere are no accessible roles. But there might be some inaccessible roles. If you wish to access them, then set the `hidden` option to `true`. Learn more about this here: https://testing-library.com/docs/dom-testing-library/api-queries#byrole\n\nIgnored nodes: comments, script, style\n\u001b[36m<body\u001b[39m\n  \u001b[33mclass\u001b[39m=\u001b[32m\"\"\u001b[39m\n\u001b[36m/>\u001b[39m\n    at Object.getElementError (/Users/neo/Developer/experiments/claudia/frontend/node_modules/@testing-library/dom/dist/config.js:37:19)\n    at /Users/neo/Developer/experiments/claudia/frontend/node_modules/@testing-library/dom/dist/query-helpers.js:76:38\n    at /Users/neo/Developer/experiments/claudia/frontend/node_modules/@testing-library/dom/dist/query-helpers.js:52:17\n    at /Users/neo/Developer/experiments/claudia/frontend/node_modules/@testing-library/dom/dist/query-helpers.js:95:19\n    at /Users/neo/Developer/experiments/claudia/frontend/packages/ui-kit/tests/Button.test.tsx:367:26\n    at file:///Users/neo/Developer/experiments/claudia/frontend/node_modules/@vitest/runner/dist/index.js:146:14\n    at file:///Users/neo/Developer/experiments/claudia/frontend/node_modules/@vitest/runner/dist/index.js:533:11\n    at runWithTimeout (file:///Users/neo/Developer/experiments/claudia/frontend/node_modules/@vitest/runner/dist/index.js:39:7)\n    at runTest (file:///Users/neo/Developer/experiments/claudia/frontend/node_modules/@vitest/runner/dist/index.js:1056:17)\n    at processTicksAndRejections (node:internal/process/task_queues:105:5)"],"meta":{}},{"ancestorTitles":["Button","Event Handling"],"fullName":"Button Event Handling handles mouse events","status":"failed","title":"handles mouse events","duration":5.792042000000038,"failureMessages":["TestingLibraryElementError: Unable to find an accessible element with the role \"button\" and name `/event button/i`\n\nThere are no accessible roles. But there might be some inaccessible roles. If you wish to access them, then set the `hidden` option to `true`. Learn more about this here: https://testing-library.com/docs/dom-testing-library/api-queries#byrole\n\nIgnored nodes: comments, script, style\n\u001b[36m<body\u001b[39m\n  \u001b[33mclass\u001b[39m=\u001b[32m\"\"\u001b[39m\n\u001b[36m/>\u001b[39m\n    at Object.getElementError (/Users/neo/Developer/experiments/claudia/frontend/node_modules/@testing-library/dom/dist/config.js:37:19)\n    at /Users/neo/Developer/experiments/claudia/frontend/node_modules/@testing-library/dom/dist/query-helpers.js:76:38\n    at /Users/neo/Developer/experiments/claudia/frontend/node_modules/@testing-library/dom/dist/query-helpers.js:52:17\n    at /Users/neo/Developer/experiments/claudia/frontend/node_modules/@testing-library/dom/dist/query-helpers.js:95:19\n    at /Users/neo/Developer/experiments/claudia/frontend/packages/ui-kit/tests/Button.test.tsx:390:26\n    at file:///Users/neo/Developer/experiments/claudia/frontend/node_modules/@vitest/runner/dist/index.js:146:14\n    at file:///Users/neo/Developer/experiments/claudia/frontend/node_modules/@vitest/runner/dist/index.js:533:11\n    at runWithTimeout (file:///Users/neo/Developer/experiments/claudia/frontend/node_modules/@vitest/runner/dist/index.js:39:7)\n    at runTest (file:///Users/neo/Developer/experiments/claudia/frontend/node_modules/@vitest/runner/dist/index.js:1056:17)\n    at processTicksAndRejections (node:internal/process/task_queues:105:5)"],"meta":{}},{"ancestorTitles":["Button","Event Handling"],"fullName":"Button Event Handling handles keyboard events","status":"failed","title":"handles keyboard events","duration":4.391957999999931,"failureMessages":["TestingLibraryElementError: Unable to find an accessible element with the role \"button\" and name `/keyboard button/i`\n\nThere are no accessible roles. But there might be some inaccessible roles. If you wish to access them, then set the `hidden` option to `true`. Learn more about this here: https://testing-library.com/docs/dom-testing-library/api-queries#byrole\n\nIgnored nodes: comments, script, style\n\u001b[36m<body\u001b[39m\n  \u001b[33mclass\u001b[39m=\u001b[32m\"\"\u001b[39m\n\u001b[36m/>\u001b[39m\n    at Object.getElementError (/Users/neo/Developer/experiments/claudia/frontend/node_modules/@testing-library/dom/dist/config.js:37:19)\n    at /Users/neo/Developer/experiments/claudia/frontend/node_modules/@testing-library/dom/dist/query-helpers.js:76:38\n    at /Users/neo/Developer/experiments/claudia/frontend/node_modules/@testing-library/dom/dist/query-helpers.js:52:17\n    at /Users/neo/Developer/experiments/claudia/frontend/node_modules/@testing-library/dom/dist/query-helpers.js:95:19\n    at /Users/neo/Developer/experiments/claudia/frontend/packages/ui-kit/tests/Button.test.tsx:413:26\n    at file:///Users/neo/Developer/experiments/claudia/frontend/node_modules/@vitest/runner/dist/index.js:146:14\n    at file:///Users/neo/Developer/experiments/claudia/frontend/node_modules/@vitest/runner/dist/index.js:533:11\n    at runWithTimeout (file:///Users/neo/Developer/experiments/claudia/frontend/node_modules/@vitest/runner/dist/index.js:39:7)\n    at runTest (file:///Users/neo/Developer/experiments/claudia/frontend/node_modules/@vitest/runner/dist/index.js:1056:17)\n    at processTicksAndRejections (node:internal/process/task_queues:105:5)"],"meta":{}},{"ancestorTitles":["Button","Event Handling"],"fullName":"Button Event Handling handles focus events","status":"failed","title":"handles focus events","duration":18.382082999999966,"failureMessages":["TestingLibraryElementError: Unable to find an accessible element with the role \"button\" and name `/focus button/i`\n\nThere are no accessible roles. But there might be some inaccessible roles. If you wish to access them, then set the `hidden` option to `true`. Learn more about this here: https://testing-library.com/docs/dom-testing-library/api-queries#byrole\n\nIgnored nodes: comments, script, style\n\u001b[36m<body\u001b[39m\n  \u001b[33mclass\u001b[39m=\u001b[32m\"\"\u001b[39m\n\u001b[36m/>\u001b[39m\n    at Object.getElementError (/Users/neo/Developer/experiments/claudia/frontend/node_modules/@testing-library/dom/dist/config.js:37:19)\n    at /Users/neo/Developer/experiments/claudia/frontend/node_modules/@testing-library/dom/dist/query-helpers.js:76:38\n    at /Users/neo/Developer/experiments/claudia/frontend/node_modules/@testing-library/dom/dist/query-helpers.js:52:17\n    at /Users/neo/Developer/experiments/claudia/frontend/node_modules/@testing-library/dom/dist/query-helpers.js:95:19\n    at /Users/neo/Developer/experiments/claudia/frontend/packages/ui-kit/tests/Button.test.tsx:432:26\n    at file:///Users/neo/Developer/experiments/claudia/frontend/node_modules/@vitest/runner/dist/index.js:146:14\n    at file:///Users/neo/Developer/experiments/claudia/frontend/node_modules/@vitest/runner/dist/index.js:533:11\n    at runWithTimeout (file:///Users/neo/Developer/experiments/claudia/frontend/node_modules/@vitest/runner/dist/index.js:39:7)\n    at runTest (file:///Users/neo/Developer/experiments/claudia/frontend/node_modules/@vitest/runner/dist/index.js:1056:17)\n    at processTicksAndRejections (node:internal/process/task_queues:105:5)"],"meta":{}},{"ancestorTitles":["Button","Accessibility"],"fullName":"Button Accessibility has no accessibility violations","status":"passed","title":"has no accessibility violations","duration":42.02283299999999,"failureMessages":[],"meta":{}},{"ancestorTitles":["Button","Accessibility"],"fullName":"Button Accessibility supports custom aria attributes","status":"failed","title":"supports custom aria attributes","duration":18.32399999999984,"failureMessages":["TestingLibraryElementError: Unable to find an accessible element with the role \"button\" and name `/custom label/i`\n\nThere are no accessible roles. But there might be some inaccessible roles. If you wish to access them, then set the `hidden` option to `true`. Learn more about this here: https://testing-library.com/docs/dom-testing-library/api-queries#byrole\n\nIgnored nodes: comments, script, style\n\u001b[36m<body\u001b[39m\n  \u001b[33mclass\u001b[39m=\u001b[32m\"\"\u001b[39m\n\u001b[36m/>\u001b[39m\n    at Object.getElementError (/Users/neo/Developer/experiments/claudia/frontend/node_modules/@testing-library/dom/dist/config.js:37:19)\n    at /Users/neo/Developer/experiments/claudia/frontend/node_modules/@testing-library/dom/dist/query-helpers.js:76:38\n    at /Users/neo/Developer/experiments/claudia/frontend/node_modules/@testing-library/dom/dist/query-helpers.js:52:17\n    at /Users/neo/Developer/experiments/claudia/frontend/node_modules/@testing-library/dom/dist/query-helpers.js:95:19\n    at /Users/neo/Developer/experiments/claudia/frontend/packages/ui-kit/tests/Button.test.tsx:460:26\n    at file:///Users/neo/Developer/experiments/claudia/frontend/node_modules/@vitest/runner/dist/index.js:146:14\n    at file:///Users/neo/Developer/experiments/claudia/frontend/node_modules/@vitest/runner/dist/index.js:533:11\n    at runWithTimeout (file:///Users/neo/Developer/experiments/claudia/frontend/node_modules/@vitest/runner/dist/index.js:39:7)\n    at runTest (file:///Users/neo/Developer/experiments/claudia/frontend/node_modules/@vitest/runner/dist/index.js:1056:17)\n    at processTicksAndRejections (node:internal/process/task_queues:105:5)"],"meta":{}},{"ancestorTitles":["Button","Accessibility"],"fullName":"Button Accessibility maintains focus management","status":"failed","title":"maintains focus management","duration":4.736417000000074,"failureMessages":["TestingLibraryElementError: Unable to find an accessible element with the role \"button\" and name `/focusable button/i`\n\nThere are no accessible roles. But there might be some inaccessible roles. If you wish to access them, then set the `hidden` option to `true`. Learn more about this here: https://testing-library.com/docs/dom-testing-library/api-queries#byrole\n\nIgnored nodes: comments, script, style\n\u001b[36m<body\u001b[39m\n  \u001b[33mclass\u001b[39m=\u001b[32m\"\"\u001b[39m\n\u001b[36m/>\u001b[39m\n    at Object.getElementError (/Users/neo/Developer/experiments/claudia/frontend/node_modules/@testing-library/dom/dist/config.js:37:19)\n    at /Users/neo/Developer/experiments/claudia/frontend/node_modules/@testing-library/dom/dist/query-helpers.js:76:38\n    at /Users/neo/Developer/experiments/claudia/frontend/node_modules/@testing-library/dom/dist/query-helpers.js:52:17\n    at /Users/neo/Developer/experiments/claudia/frontend/node_modules/@testing-library/dom/dist/query-helpers.js:95:19\n    at /Users/neo/Developer/experiments/claudia/frontend/packages/ui-kit/tests/Button.test.tsx:468:26\n    at file:///Users/neo/Developer/experiments/claudia/frontend/node_modules/@vitest/runner/dist/index.js:146:14\n    at file:///Users/neo/Developer/experiments/claudia/frontend/node_modules/@vitest/runner/dist/index.js:533:11\n    at runWithTimeout (file:///Users/neo/Developer/experiments/claudia/frontend/node_modules/@vitest/runner/dist/index.js:39:7)\n    at runTest (file:///Users/neo/Developer/experiments/claudia/frontend/node_modules/@vitest/runner/dist/index.js:1056:17)\n    at processTicksAndRejections (node:internal/process/task_queues:105:5)"],"meta":{}},{"ancestorTitles":["Button","Accessibility"],"fullName":"Button Accessibility has proper keyboard navigation","status":"failed","title":"has proper keyboard navigation","duration":4.674082999999882,"failureMessages":["TestingLibraryElementError: Unable to find an accessible element with the role \"button\" and name `/keyboard nav/i`\n\nThere are no accessible roles. But there might be some inaccessible roles. If you wish to access them, then set the `hidden` option to `true`. Learn more about this here: https://testing-library.com/docs/dom-testing-library/api-queries#byrole\n\nIgnored nodes: comments, script, style\n\u001b[36m<body\u001b[39m\n  \u001b[33mclass\u001b[39m=\u001b[32m\"\"\u001b[39m\n\u001b[36m/>\u001b[39m\n    at Object.getElementError (/Users/neo/Developer/experiments/claudia/frontend/node_modules/@testing-library/dom/dist/config.js:37:19)\n    at /Users/neo/Developer/experiments/claudia/frontend/node_modules/@testing-library/dom/dist/query-helpers.js:76:38\n    at /Users/neo/Developer/experiments/claudia/frontend/node_modules/@testing-library/dom/dist/query-helpers.js:52:17\n    at /Users/neo/Developer/experiments/claudia/frontend/node_modules/@testing-library/dom/dist/query-helpers.js:95:19\n    at /Users/neo/Developer/experiments/claudia/frontend/packages/ui-kit/tests/Button.test.tsx:480:26\n    at file:///Users/neo/Developer/experiments/claudia/frontend/node_modules/@vitest/runner/dist/index.js:146:14\n    at file:///Users/neo/Developer/experiments/claudia/frontend/node_modules/@vitest/runner/dist/index.js:533:11\n    at runWithTimeout (file:///Users/neo/Developer/experiments/claudia/frontend/node_modules/@vitest/runner/dist/index.js:39:7)\n    at runTest (file:///Users/neo/Developer/experiments/claudia/frontend/node_modules/@vitest/runner/dist/index.js:1056:17)\n    at processTicksAndRejections (node:internal/process/task_queues:105:5)"],"meta":{}},{"ancestorTitles":["Button","Performance"],"fullName":"Button Performance does not re-render unnecessarily","status":"passed","title":"does not re-render unnecessarily","duration":5.708750000000009,"failureMessages":[],"meta":{}},{"ancestorTitles":["Button","Performance"],"fullName":"Button Performance handles rapid clicks gracefully","status":"failed","title":"handles rapid clicks gracefully","duration":5.693166999999903,"failureMessages":["TestingLibraryElementError: Unable to find an accessible element with the role \"button\" and name `/rapid click/i`\n\nThere are no accessible roles. But there might be some inaccessible roles. If you wish to access them, then set the `hidden` option to `true`. Learn more about this here: https://testing-library.com/docs/dom-testing-library/api-queries#byrole\n\nIgnored nodes: comments, script, style\n\u001b[36m<body\u001b[39m\n  \u001b[33mclass\u001b[39m=\u001b[32m\"\"\u001b[39m\n\u001b[36m/>\u001b[39m\n    at Object.getElementError (/Users/neo/Developer/experiments/claudia/frontend/node_modules/@testing-library/dom/dist/config.js:37:19)\n    at /Users/neo/Developer/experiments/claudia/frontend/node_modules/@testing-library/dom/dist/query-helpers.js:76:38\n    at /Users/neo/Developer/experiments/claudia/frontend/node_modules/@testing-library/dom/dist/query-helpers.js:52:17\n    at /Users/neo/Developer/experiments/claudia/frontend/node_modules/@testing-library/dom/dist/query-helpers.js:95:19\n    at /Users/neo/Developer/experiments/claudia/frontend/packages/ui-kit/tests/Button.test.tsx:514:26\n    at file:///Users/neo/Developer/experiments/claudia/frontend/node_modules/@vitest/runner/dist/index.js:146:14\n    at file:///Users/neo/Developer/experiments/claudia/frontend/node_modules/@vitest/runner/dist/index.js:533:11\n    at runWithTimeout (file:///Users/neo/Developer/experiments/claudia/frontend/node_modules/@vitest/runner/dist/index.js:39:7)\n    at runTest (file:///Users/neo/Developer/experiments/claudia/frontend/node_modules/@vitest/runner/dist/index.js:1056:17)\n    at processTicksAndRejections (node:internal/process/task_queues:105:5)"],"meta":{}},{"ancestorTitles":["Button","Error Handling"],"fullName":"Button Error Handling handles missing children gracefully","status":"failed","title":"handles missing children gracefully","duration":5.678750000000036,"failureMessages":["TestingLibraryElementError: Unable to find an accessible element with the role \"button\"\n\nThere are no accessible roles. But there might be some inaccessible roles. If you wish to access them, then set the `hidden` option to `true`. Learn more about this here: https://testing-library.com/docs/dom-testing-library/api-queries#byrole\n\nIgnored nodes: comments, script, style\n\u001b[36m<body\u001b[39m\n  \u001b[33mclass\u001b[39m=\u001b[32m\"\"\u001b[39m\n\u001b[36m/>\u001b[39m\n    at Object.getElementError (/Users/neo/Developer/experiments/claudia/frontend/node_modules/@testing-library/dom/dist/config.js:37:19)\n    at /Users/neo/Developer/experiments/claudia/frontend/node_modules/@testing-library/dom/dist/query-helpers.js:76:38\n    at /Users/neo/Developer/experiments/claudia/frontend/node_modules/@testing-library/dom/dist/query-helpers.js:52:17\n    at /Users/neo/Developer/experiments/claudia/frontend/node_modules/@testing-library/dom/dist/query-helpers.js:95:19\n    at /Users/neo/Developer/experiments/claudia/frontend/packages/ui-kit/tests/Button.test.tsx:528:26\n    at file:///Users/neo/Developer/experiments/claudia/frontend/node_modules/@vitest/runner/dist/index.js:146:14\n    at file:///Users/neo/Developer/experiments/claudia/frontend/node_modules/@vitest/runner/dist/index.js:533:11\n    at runWithTimeout (file:///Users/neo/Developer/experiments/claudia/frontend/node_modules/@vitest/runner/dist/index.js:39:7)\n    at runTest (file:///Users/neo/Developer/experiments/claudia/frontend/node_modules/@vitest/runner/dist/index.js:1056:17)\n    at processTicksAndRejections (node:internal/process/task_queues:105:5)"],"meta":{}},{"ancestorTitles":["Button","Error Handling"],"fullName":"Button Error Handling handles invalid icon props gracefully","status":"failed","title":"handles invalid icon props gracefully","duration":4.263958999999886,"failureMessages":["TestingLibraryElementError: Unable to find an accessible element with the role \"button\" and name `/invalid icons/i`\n\nThere are no accessible roles. But there might be some inaccessible roles. If you wish to access them, then set the `hidden` option to `true`. Learn more about this here: https://testing-library.com/docs/dom-testing-library/api-queries#byrole\n\nIgnored nodes: comments, script, style\n\u001b[36m<body\u001b[39m\n  \u001b[33mclass\u001b[39m=\u001b[32m\"\"\u001b[39m\n\u001b[36m/>\u001b[39m\n    at Object.getElementError (/Users/neo/Developer/experiments/claudia/frontend/node_modules/@testing-library/dom/dist/config.js:37:19)\n    at /Users/neo/Developer/experiments/claudia/frontend/node_modules/@testing-library/dom/dist/query-helpers.js:76:38\n    at /Users/neo/Developer/experiments/claudia/frontend/node_modules/@testing-library/dom/dist/query-helpers.js:52:17\n    at /Users/neo/Developer/experiments/claudia/frontend/node_modules/@testing-library/dom/dist/query-helpers.js:95:19\n    at /Users/neo/Developer/experiments/claudia/frontend/packages/ui-kit/tests/Button.test.tsx:542:26\n    at file:///Users/neo/Developer/experiments/claudia/frontend/node_modules/@vitest/runner/dist/index.js:146:14\n    at file:///Users/neo/Developer/experiments/claudia/frontend/node_modules/@vitest/runner/dist/index.js:533:11\n    at runWithTimeout (file:///Users/neo/Developer/experiments/claudia/frontend/node_modules/@vitest/runner/dist/index.js:39:7)\n    at runTest (file:///Users/neo/Developer/experiments/claudia/frontend/node_modules/@vitest/runner/dist/index.js:1056:17)\n    at processTicksAndRejections (node:internal/process/task_queues:105:5)"],"meta":{}},{"ancestorTitles":["Button","Complex Integration"],"fullName":"Button Complex Integration works within forms","status":"failed","title":"works within forms","duration":5.609165999999959,"failureMessages":["TestingLibraryElementError: Unable to find an accessible element with the role \"button\" and name `/submit form/i`\n\nThere are no accessible roles. But there might be some inaccessible roles. If you wish to access them, then set the `hidden` option to `true`. Learn more about this here: https://testing-library.com/docs/dom-testing-library/api-queries#byrole\n\nIgnored nodes: comments, script, style\n\u001b[36m<body\u001b[39m\n  \u001b[33mclass\u001b[39m=\u001b[32m\"\"\u001b[39m\n\u001b[36m/>\u001b[39m\n    at Object.getElementError (/Users/neo/Developer/experiments/claudia/frontend/node_modules/@testing-library/dom/dist/config.js:37:19)\n    at /Users/neo/Developer/experiments/claudia/frontend/node_modules/@testing-library/dom/dist/query-helpers.js:76:38\n    at /Users/neo/Developer/experiments/claudia/frontend/node_modules/@testing-library/dom/dist/query-helpers.js:52:17\n    at /Users/neo/Developer/experiments/claudia/frontend/node_modules/@testing-library/dom/dist/query-helpers.js:95:19\n    at /Users/neo/Developer/experiments/claudia/frontend/packages/ui-kit/tests/Button.test.tsx:557:26\n    at file:///Users/neo/Developer/experiments/claudia/frontend/node_modules/@vitest/runner/dist/index.js:146:14\n    at file:///Users/neo/Developer/experiments/claudia/frontend/node_modules/@vitest/runner/dist/index.js:533:11\n    at runWithTimeout (file:///Users/neo/Developer/experiments/claudia/frontend/node_modules/@vitest/runner/dist/index.js:39:7)\n    at runTest (file:///Users/neo/Developer/experiments/claudia/frontend/node_modules/@vitest/runner/dist/index.js:1056:17)\n    at processTicksAndRejections (node:internal/process/task_queues:105:5)"],"meta":{}},{"ancestorTitles":["Button","Complex Integration"],"fullName":"Button Complex Integration integrates with tooltip systems","status":"failed","title":"integrates with tooltip systems","duration":5.584500000000162,"failureMessages":["TestingLibraryElementError: Unable to find an accessible element with the role \"button\" and name `/tooltip button/i`\n\nThere are no accessible roles. But there might be some inaccessible roles. If you wish to access them, then set the `hidden` option to `true`. Learn more about this here: https://testing-library.com/docs/dom-testing-library/api-queries#byrole\n\nIgnored nodes: comments, script, style\n\u001b[36m<body\u001b[39m\n  \u001b[33mclass\u001b[39m=\u001b[32m\"\"\u001b[39m\n\u001b[36m/>\u001b[39m\n    at Object.getElementError (/Users/neo/Developer/experiments/claudia/frontend/node_modules/@testing-library/dom/dist/config.js:37:19)\n    at /Users/neo/Developer/experiments/claudia/frontend/node_modules/@testing-library/dom/dist/query-helpers.js:76:38\n    at /Users/neo/Developer/experiments/claudia/frontend/node_modules/@testing-library/dom/dist/query-helpers.js:52:17\n    at /Users/neo/Developer/experiments/claudia/frontend/node_modules/@testing-library/dom/dist/query-helpers.js:95:19\n    at /Users/neo/Developer/experiments/claudia/frontend/packages/ui-kit/tests/Button.test.tsx:569:26\n    at file:///Users/neo/Developer/experiments/claudia/frontend/node_modules/@vitest/runner/dist/index.js:146:14\n    at file:///Users/neo/Developer/experiments/claudia/frontend/node_modules/@vitest/runner/dist/index.js:533:11\n    at runWithTimeout (file:///Users/neo/Developer/experiments/claudia/frontend/node_modules/@vitest/runner/dist/index.js:39:7)\n    at runTest (file:///Users/neo/Developer/experiments/claudia/frontend/node_modules/@vitest/runner/dist/index.js:1056:17)\n    at processTicksAndRejections (node:internal/process/task_queues:105:5)"],"meta":{}},{"ancestorTitles":["Button","Complex Integration"],"fullName":"Button Complex Integration works with complex loading states","status":"failed","title":"works with complex loading states","duration":5.579915999999912,"failureMessages":["TestingLibraryElementError: Unable to find an accessible element with the role \"button\" and name `/click me/i`\n\nThere are no accessible roles. But there might be some inaccessible roles. If you wish to access them, then set the `hidden` option to `true`. Learn more about this here: https://testing-library.com/docs/dom-testing-library/api-queries#byrole\n\nIgnored nodes: comments, script, style\n\u001b[36m<body\u001b[39m\n  \u001b[33mclass\u001b[39m=\u001b[32m\"\"\u001b[39m\n\u001b[36m/>\u001b[39m\n    at Object.getElementError (/Users/neo/Developer/experiments/claudia/frontend/node_modules/@testing-library/dom/dist/config.js:37:19)\n    at /Users/neo/Developer/experiments/claudia/frontend/node_modules/@testing-library/dom/dist/query-helpers.js:76:38\n    at /Users/neo/Developer/experiments/claudia/frontend/node_modules/@testing-library/dom/dist/query-helpers.js:52:17\n    at /Users/neo/Developer/experiments/claudia/frontend/node_modules/@testing-library/dom/dist/query-helpers.js:95:19\n    at /Users/neo/Developer/experiments/claudia/frontend/packages/ui-kit/tests/Button.test.tsx:592:26\n    at file:///Users/neo/Developer/experiments/claudia/frontend/node_modules/@vitest/runner/dist/index.js:146:14\n    at file:///Users/neo/Developer/experiments/claudia/frontend/node_modules/@vitest/runner/dist/index.js:533:11\n    at runWithTimeout (file:///Users/neo/Developer/experiments/claudia/frontend/node_modules/@vitest/runner/dist/index.js:39:7)\n    at runTest (file:///Users/neo/Developer/experiments/claudia/frontend/node_modules/@vitest/runner/dist/index.js:1056:17)\n    at processTicksAndRejections (node:internal/process/task_queues:105:5)"],"meta":{}},{"ancestorTitles":["Button","Ref Forwarding"],"fullName":"Button Ref Forwarding forwards ref to button element","status":"passed","title":"forwards ref to button element","duration":4.213833000000022,"failureMessages":[],"meta":{}},{"ancestorTitles":["Button","Ref Forwarding"],"fullName":"Button Ref Forwarding forwards ref when using asChild","status":"failed","title":"forwards ref when using asChild","duration":4.875458999999864,"failureMessages":["Error: React.Children.only expected to receive a single React element child.\n    at Object.only (/Users/neo/Developer/experiments/claudia/frontend/node_modules/react/cjs/react.development.js:766:17)\n    at Slot.SlotClone (file:///Users/neo/Developer/experiments/claudia/frontend/node_modules/@radix-ui/react-slot/src/slot.tsx:80:64)\n    at Object.react-stack-bottom-frame (/Users/neo/Developer/experiments/claudia/frontend/node_modules/react-dom/cjs/react-dom-client.development.js:23863:20)\n    at renderWithHooks (/Users/neo/Developer/experiments/claudia/frontend/node_modules/react-dom/cjs/react-dom-client.development.js:5529:22)\n    at updateForwardRef (/Users/neo/Developer/experiments/claudia/frontend/node_modules/react-dom/cjs/react-dom-client.development.js:8645:19)\n    at beginWork (/Users/neo/Developer/experiments/claudia/frontend/node_modules/react-dom/cjs/react-dom-client.development.js:10861:18)\n    at runWithFiberInDEV (/Users/neo/Developer/experiments/claudia/frontend/node_modules/react-dom/cjs/react-dom-client.development.js:1522:13)\n    at performUnitOfWork (/Users/neo/Developer/experiments/claudia/frontend/node_modules/react-dom/cjs/react-dom-client.development.js:15140:22)\n    at workLoopSync (/Users/neo/Developer/experiments/claudia/frontend/node_modules/react-dom/cjs/react-dom-client.development.js:14956:41)\n    at renderRootSync (/Users/neo/Developer/experiments/claudia/frontend/node_modules/react-dom/cjs/react-dom-client.development.js:14936:11)"],"meta":{}},{"ancestorTitles":["Button","Edge Cases"],"fullName":"Button Edge Cases handles extremely long text content","status":"failed","title":"handles extremely long text content","duration":4.862250000000131,"failureMessages":["TestingLibraryElementError: Unable to find an accessible element with the role \"button\"\n\nThere are no accessible roles. But there might be some inaccessible roles. If you wish to access them, then set the `hidden` option to `true`. Learn more about this here: https://testing-library.com/docs/dom-testing-library/api-queries#byrole\n\nIgnored nodes: comments, script, style\n\u001b[36m<body\u001b[39m\n  \u001b[33mclass\u001b[39m=\u001b[32m\"\"\u001b[39m\n\u001b[36m/>\u001b[39m\n    at Object.getElementError (/Users/neo/Developer/experiments/claudia/frontend/node_modules/@testing-library/dom/dist/config.js:37:19)\n    at /Users/neo/Developer/experiments/claudia/frontend/node_modules/@testing-library/dom/dist/query-helpers.js:76:38\n    at /Users/neo/Developer/experiments/claudia/frontend/node_modules/@testing-library/dom/dist/query-helpers.js:52:17\n    at /Users/neo/Developer/experiments/claudia/frontend/node_modules/@testing-library/dom/dist/query-helpers.js:95:19\n    at /Users/neo/Developer/experiments/claudia/frontend/packages/ui-kit/tests/Button.test.tsx:630:26\n    at file:///Users/neo/Developer/experiments/claudia/frontend/node_modules/@vitest/runner/dist/index.js:146:14\n    at file:///Users/neo/Developer/experiments/claudia/frontend/node_modules/@vitest/runner/dist/index.js:533:11\n    at runWithTimeout (file:///Users/neo/Developer/experiments/claudia/frontend/node_modules/@vitest/runner/dist/index.js:39:7)\n    at runTest (file:///Users/neo/Developer/experiments/claudia/frontend/node_modules/@vitest/runner/dist/index.js:1056:17)\n    at processTicksAndRejections (node:internal/process/task_queues:105:5)"],"meta":{}},{"ancestorTitles":["Button","Edge Cases"],"fullName":"Button Edge Cases handles special characters in content","status":"failed","title":"handles special characters in content","duration":4.8534169999998085,"failureMessages":["TestingLibraryElementError: Unable to find an accessible element with the role \"button\"\n\nThere are no accessible roles. But there might be some inaccessible roles. If you wish to access them, then set the `hidden` option to `true`. Learn more about this here: https://testing-library.com/docs/dom-testing-library/api-queries#byrole\n\nIgnored nodes: comments, script, style\n\u001b[36m<body\u001b[39m\n  \u001b[33mclass\u001b[39m=\u001b[32m\"\"\u001b[39m\n\u001b[36m/>\u001b[39m\n    at Object.getElementError (/Users/neo/Developer/experiments/claudia/frontend/node_modules/@testing-library/dom/dist/config.js:37:19)\n    at /Users/neo/Developer/experiments/claudia/frontend/node_modules/@testing-library/dom/dist/query-helpers.js:76:38\n    at /Users/neo/Developer/experiments/claudia/frontend/node_modules/@testing-library/dom/dist/query-helpers.js:52:17\n    at /Users/neo/Developer/experiments/claudia/frontend/node_modules/@testing-library/dom/dist/query-helpers.js:95:19\n    at /Users/neo/Developer/experiments/claudia/frontend/packages/ui-kit/tests/Button.test.tsx:638:26\n    at file:///Users/neo/Developer/experiments/claudia/frontend/node_modules/@vitest/runner/dist/index.js:146:14\n    at file:///Users/neo/Developer/experiments/claudia/frontend/node_modules/@vitest/runner/dist/index.js:533:11\n    at runWithTimeout (file:///Users/neo/Developer/experiments/claudia/frontend/node_modules/@vitest/runner/dist/index.js:39:7)\n    at runTest (file:///Users/neo/Developer/experiments/claudia/frontend/node_modules/@vitest/runner/dist/index.js:1056:17)\n    at processTicksAndRejections (node:internal/process/task_queues:105:5)"],"meta":{}},{"ancestorTitles":["Button","Edge Cases"],"fullName":"Button Edge Cases handles multiple rapid prop changes","status":"failed","title":"handles multiple rapid prop changes","duration":4.246959000000061,"failureMessages":["TestingLibraryElementError: Unable to find an accessible element with the role \"button\" and name `/test/i`\n\nThere are no accessible roles. But there might be some inaccessible roles. If you wish to access them, then set the `hidden` option to `true`. Learn more about this here: https://testing-library.com/docs/dom-testing-library/api-queries#byrole\n\nIgnored nodes: comments, script, style\n\u001b[36m<body\u001b[39m\n  \u001b[33mclass\u001b[39m=\u001b[32m\"\"\u001b[39m\n\u001b[36m/>\u001b[39m\n    at Object.getElementError (/Users/neo/Developer/experiments/claudia/frontend/node_modules/@testing-library/dom/dist/config.js:37:19)\n    at /Users/neo/Developer/experiments/claudia/frontend/node_modules/@testing-library/dom/dist/query-helpers.js:76:38\n    at /Users/neo/Developer/experiments/claudia/frontend/node_modules/@testing-library/dom/dist/query-helpers.js:52:17\n    at /Users/neo/Developer/experiments/claudia/frontend/node_modules/@testing-library/dom/dist/query-helpers.js:95:19\n    at /Users/neo/Developer/experiments/claudia/frontend/packages/ui-kit/tests/Button.test.tsx:644:26\n    at file:///Users/neo/Developer/experiments/claudia/frontend/node_modules/@vitest/runner/dist/index.js:146:14\n    at file:///Users/neo/Developer/experiments/claudia/frontend/node_modules/@vitest/runner/dist/index.js:533:11\n    at runWithTimeout (file:///Users/neo/Developer/experiments/claudia/frontend/node_modules/@vitest/runner/dist/index.js:39:7)\n    at runTest (file:///Users/neo/Developer/experiments/claudia/frontend/node_modules/@vitest/runner/dist/index.js:1056:17)\n    at processTicksAndRejections (node:internal/process/task_queues:105:5)"],"meta":{}}],"startTime":1752611147058,"endTime":1752611147239.023,"status":"failed","message":"","name":"/Users/neo/Developer/experiments/claudia/frontend/packages/ui-kit/tests/Button.test.tsx"}]}